<?xml version="1.0" encoding="UTF-8"?>
<!-- Generated by org.testng.reporters.JUnitReportReporter -->
<testsuite hostname="DESKTOP-O213TSE" failures="0" tests="2" name="com.stackroute.RestAssuredTestAPI.TestClass01" time="9.774" errors="0" timestamp="2021-01-29T11:30:39 IST" skipped="0">
  <testcase classname="com.stackroute.RestAssuredTestAPI.TestClass01" name="test01" time="9.226"/>
  <system-out/>
  <testcase classname="com.stackroute.RestAssuredTestAPI.TestClass01" name="test02" time="0.548"/>
  <system-out/>
</testsuite> <!-- com.stackroute.RestAssuredTestAPI.TestClass01 -->
