<?xml version="1.0" encoding="UTF-8"?>
<!-- Generated by org.testng.reporters.JUnitReportReporter -->
<testsuite hostname="DESKTOP-O213TSE" failures="0" tests="3" name="com.stackroute.RestAssuredTestAPI.TestClass03" time="15.791" errors="0" timestamp="2021-01-29T11:44:51 IST" skipped="0">
  <testcase classname="com.stackroute.RestAssuredTestAPI.TestClass03" name="test05" time="0.623"/>
  <system-out/>
  <testcase classname="com.stackroute.RestAssuredTestAPI.TestClass03" name="test04" time="1.694"/>
  <system-out/>
  <testcase classname="com.stackroute.RestAssuredTestAPI.TestClass03" name="test03" time="13.474"/>
  <system-out/>
</testsuite> <!-- com.stackroute.RestAssuredTestAPI.TestClass03 -->
